<?xml version="1.0" encoding="UTF-8"?>
<coverage generated="1545435921481" clover="3.2.0">
  <project timestamp="1545435921481" name="All files">
    <metrics statements="46" coveredstatements="27" conditionals="18" coveredconditionals="4" methods="21" coveredmethods="13" elements="85" coveredelements="44" complexity="0" loc="46" ncloc="46" packages="2" files="3" classes="3">
      <package name="src">
        <metrics statements="26" coveredstatements="12" conditionals="10" coveredconditionals="1" methods="10" coveredmethods="4"/>
        <file name="api.js" path="/home/ihab/Desktop/react/react/src/api.js">
          <metrics statements="15" coveredstatements="12" conditionals="2" coveredconditionals="1" methods="6" coveredmethods="4"/>
          <line num="6" count="2" type="stmt"/>
          <line num="7" count="2" type="stmt"/>
          <line num="8" count="2" type="stmt"/>
          <line num="11" count="0" type="stmt"/>
          <line num="14" count="2" type="stmt"/>
          <line num="15" count="2" type="stmt"/>
          <line num="18" count="9" type="stmt"/>
          <line num="24" count="2" type="cond" truecount="1" falsecount="1"/>
          <line num="25" count="0" type="stmt"/>
          <line num="28" count="2" type="stmt"/>
          <line num="29" count="2" type="stmt"/>
          <line num="30" count="2" type="stmt"/>
          <line num="31" count="2" type="stmt"/>
          <line num="35" count="2" type="stmt"/>
          <line num="36" count="0" type="stmt"/>
        </file>
        <file name="index.js" path="/home/ihab/Desktop/react/react/src/index.js">
          <metrics statements="11" coveredstatements="0" conditionals="8" coveredconditionals="0" methods="4" coveredmethods="0"/>
          <line num="1" count="0" type="stmt"/>
          <line num="2" count="0" type="stmt"/>
          <line num="3" count="0" type="stmt"/>
          <line num="4" count="0" type="cond" truecount="0" falsecount="4"/>
          <line num="7" count="0" type="stmt"/>
          <line num="10" count="0" type="stmt"/>
          <line num="12" count="0" type="cond" truecount="0" falsecount="2"/>
          <line num="13" count="0" type="stmt"/>
          <line num="14" count="0" type="stmt"/>
          <line num="15" count="0" type="stmt"/>
          <line num="17" count="0" type="cond" truecount="0" falsecount="2"/>
        </file>
      </package>
      <package name="src.components">
        <metrics statements="20" coveredstatements="15" conditionals="8" coveredconditionals="3" methods="11" coveredmethods="9"/>
        <file name="message-list.js" path="/home/ihab/Desktop/react/react/src/components/message-list.js">
          <metrics statements="20" coveredstatements="15" conditionals="8" coveredconditionals="3" methods="11" coveredmethods="9"/>
          <line num="7" count="2" type="stmt"/>
          <line num="8" count="2" type="stmt"/>
          <line num="13" count="2" type="stmt"/>
          <line num="15" count="2" type="stmt"/>
          <line num="20" count="3" type="stmt"/>
          <line num="23" count="2" type="stmt"/>
          <line num="33" count="4" type="stmt"/>
          <line num="34" count="4" type="stmt"/>
          <line num="37" count="0" type="cond" truecount="0" falsecount="2"/>
          <line num="38" count="0" type="stmt"/>
          <line num="40" count="0" type="stmt"/>
          <line num="42" count="0" type="stmt"/>
          <line num="51" count="5" type="stmt"/>
          <line num="52" count="5" type="stmt"/>
          <line num="55" count="0" type="cond" truecount="0" falsecount="2"/>
          <line num="64" count="5" type="stmt"/>
          <line num="65" count="5" type="stmt"/>
          <line num="66" count="5" type="stmt"/>
          <line num="67" count="3" type="cond" truecount="2" falsecount="0"/>
          <line num="103" count="5" type="stmt"/>
        </file>
      </package>
    </metrics>
  </project>
</coverage>
