{"/home/ihab/Desktop/react/react/src/api.js": {"path":"/home/ihab/Desktop/react/react/src/api.js","statementMap":{"0":{"start":{"line":6,"column":4},"end":{"line":6,"column":51}},"1":{"start":{"line":7,"column":4},"end":{"line":7,"column":32}},"2":{"start":{"line":8,"column":4},"end":{"line":8,"column":31}},"3":{"start":{"line":11,"column":4},"end":{"line":11,"column":31}},"4":{"start":{"line":14,"column":4},"end":{"line":14,"column":32}},"5":{"start":{"line":15,"column":4},"end":{"line":15,"column":20}},"6":{"start":{"line":18,"column":4},"end":{"line":18,"column":32}},"7":{"start":{"line":24,"column":4},"end":{"line":26,"column":5}},"8":{"start":{"line":25,"column":6},"end":{"line":25,"column":13}},"9":{"start":{"line":28,"column":20},"end":{"line":28,"column":40}},"10":{"start":{"line":29,"column":21},"end":{"line":29,"column":40}},"11":{"start":{"line":30,"column":21},"end":{"line":30,"column":45}},"12":{"start":{"line":31,"column":4},"end":{"line":34,"column":7}},"13":{"start":{"line":35,"column":4},"end":{"line":37,"column":17}},"14":{"start":{"line":36,"column":6},"end":{"line":36,"column":22}}},"fnMap":{"0":{"name":"(anonymous_0)","decl":{"start":{"line":5,"column":2},"end":{"line":5,"column":3}},"loc":{"start":{"line":5,"column":23},"end":{"line":9,"column":3}},"line":5},"1":{"name":"(anonymous_1)","decl":{"start":{"line":10,"column":2},"end":{"line":10,"column":3}},"loc":{"start":{"line":10,"column":9},"end":{"line":12,"column":3}},"line":10},"2":{"name":"(anonymous_2)","decl":{"start":{"line":13,"column":2},"end":{"line":13,"column":3}},"loc":{"start":{"line":13,"column":10},"end":{"line":16,"column":3}},"line":13},"3":{"name":"(anonymous_3)","decl":{"start":{"line":17,"column":2},"end":{"line":17,"column":3}},"loc":{"start":{"line":17,"column":14},"end":{"line":19,"column":3}},"line":17},"4":{"name":"(anonymous_4)","decl":{"start":{"line":23,"column":2},"end":{"line":23,"column":3}},"loc":{"start":{"line":23,"column":13},"end":{"line":38,"column":3}},"line":23},"5":{"name":"(anonymous_5)","decl":{"start":{"line":35,"column":15},"end":{"line":35,"column":16}},"loc":{"start":{"line":35,"column":21},"end":{"line":37,"column":5}},"line":35}},"branchMap":{"0":{"loc":{"start":{"line":24,"column":4},"end":{"line":26,"column":5}},"type":"if","locations":[{"start":{"line":24,"column":4},"end":{"line":26,"column":5}},{"start":{"line":24,"column":4},"end":{"line":26,"column":5}}],"line":24}},"s":{"0":2,"1":2,"2":2,"3":0,"4":2,"5":2,"6":9,"7":2,"8":0,"9":2,"10":2,"11":2,"12":2,"13":2,"14":0},"f":{"0":2,"1":0,"2":2,"3":9,"4":2,"5":0},"b":{"0":[0,2]},"_coverageSchema":"332fd63041d2c1bcb487cc26dd0d5f7d97098a6c","hash":"c87bb99b3e7659c886cb1f8e3e365bdd43781f7e"}
,"/home/ihab/Desktop/react/react/src/index.js": {"path":"/home/ihab/Desktop/react/react/src/index.js","statementMap":{"0":{"start":{"line":1,"column":26},"end":{"line":1,"column":42}},"1":{"start":{"line":1,"column":57},"end":{"line":1,"column":87}},"2":{"start":{"line":2,"column":16},"end":{"line":2,"column":36}},"3":{"start":{"line":2,"column":54},"end":{"line":2,"column":87}},"4":{"start":{"line":3,"column":19},"end":{"line":3,"column":55}},"5":{"start":{"line":3,"column":76},"end":{"line":3,"column":112}},"6":{"start":{"line":4,"column":0},"end":{"line":4,"column":28}},"7":{"start":{"line":4,"column":66},"end":{"line":4,"column":120}},"8":{"start":{"line":7,"column":2},"end":{"line":7,"column":103}},"9":{"start":{"line":10,"column":0},"end":{"line":10,"column":33}},"10":{"start":{"line":12,"column":0},"end":{"line":17,"column":1}},"11":{"start":{"line":13,"column":2},"end":{"line":16,"column":5}},"12":{"start":{"line":14,"column":17},"end":{"line":14,"column":61}},"13":{"start":{"line":15,"column":4},"end":{"line":15,"column":22}},"14":{"start":{"line":17,"column":14},"end":{"line":17,"column":189}},"15":{"start":{"line":17,"column":27},"end":{"line":17,"column":85}},"16":{"start":{"line":17,"column":77},"end":{"line":17,"column":84}},"17":{"start":{"line":17,"column":85},"end":{"line":17,"column":186}}},"fnMap":{"0":{"name":"_interopRequireDefault","decl":{"start":{"line":4,"column":37},"end":{"line":4,"column":59}},"loc":{"start":{"line":4,"column":65},"end":{"line":4,"column":121}},"line":4},"1":{"name":"renderApp","decl":{"start":{"line":6,"column":9},"end":{"line":6,"column":18}},"loc":{"start":{"line":6,"column":24},"end":{"line":8,"column":1}},"line":6},"2":{"name":"(anonymous_2)","decl":{"start":{"line":13,"column":49},"end":{"line":13,"column":50}},"loc":{"start":{"line":13,"column":61},"end":{"line":16,"column":3}},"line":13},"3":{"name":"(anonymous_3)","decl":{"start":{"line":17,"column":14},"end":{"line":17,"column":15}},"loc":{"start":{"line":17,"column":26},"end":{"line":17,"column":187}},"line":17}},"branchMap":{"0":{"loc":{"start":{"line":4,"column":73},"end":{"line":4,"column":119}},"type":"cond-expr","locations":[{"start":{"line":4,"column":97},"end":{"line":4,"column":100}},{"start":{"line":4,"column":103},"end":{"line":4,"column":119}}],"line":4},"1":{"loc":{"start":{"line":4,"column":73},"end":{"line":4,"column":94}},"type":"binary-expr","locations":[{"start":{"line":4,"column":73},"end":{"line":4,"column":76}},{"start":{"line":4,"column":80},"end":{"line":4,"column":94}}],"line":4},"2":{"loc":{"start":{"line":12,"column":0},"end":{"line":17,"column":1}},"type":"if","locations":[{"start":{"line":12,"column":0},"end":{"line":17,"column":1}},{"start":{"line":12,"column":0},"end":{"line":17,"column":1}}],"line":12},"3":{"loc":{"start":{"line":17,"column":27},"end":{"line":17,"column":85}},"type":"if","locations":[{"start":{"line":17,"column":27},"end":{"line":17,"column":85}},{"start":{"line":17,"column":27},"end":{"line":17,"column":85}}],"line":17}},"s":{"0":0,"1":0,"2":0,"3":0,"4":0,"5":0,"6":0,"7":0,"8":0,"9":0,"10":0,"11":0,"12":0,"13":0,"14":0,"15":0,"16":0,"17":0},"f":{"0":0,"1":0,"2":0,"3":0},"b":{"0":[0,0],"1":[0,0],"2":[0,0],"3":[0,0]}}
,"/home/ihab/Desktop/react/react/src/components/message-list.js": {"path":"/home/ihab/Desktop/react/react/src/components/message-list.js","statementMap":{"0":{"start":{"line":7,"column":4},"end":{"line":7,"column":19}},"1":{"start":{"line":8,"column":4},"end":{"line":10,"column":6}},"2":{"start":{"line":13,"column":4},"end":{"line":17,"column":7}},"3":{"start":{"line":15,"column":8},"end":{"line":15,"column":38}},"4":{"start":{"line":20,"column":4},"end":{"line":20,"column":21}},"5":{"start":{"line":23,"column":4},"end":{"line":30,"column":6}},"6":{"start":{"line":33,"column":25},"end":{"line":33,"column":45}},"7":{"start":{"line":34,"column":4},"end":{"line":47,"column":6}},"8":{"start":{"line":37,"column":10},"end":{"line":41,"column":11}},"9":{"start":{"line":38,"column":12},"end":{"line":38,"column":28}},"10":{"start":{"line":40,"column":12},"end":{"line":40,"column":29}},"11":{"start":{"line":42,"column":10},"end":{"line":42,"column":29}},"12":{"start":{"line":51,"column":25},"end":{"line":51,"column":45}},"13":{"start":{"line":52,"column":4},"end":{"line":60,"column":6}},"14":{"start":{"line":55,"column":10},"end":{"line":55,"column":65}},"15":{"start":{"line":64,"column":17},"end":{"line":64,"column":19}},"16":{"start":{"line":65,"column":21},"end":{"line":65,"column":23}},"17":{"start":{"line":66,"column":4},"end":{"line":101,"column":6}},"18":{"start":{"line":67,"column":6},"end":{"line":100,"column":12}},"19":{"start":{"line":103,"column":4},"end":{"line":112,"column":6}}},"fnMap":{"0":{"name":"(anonymous_0)","decl":{"start":{"line":6,"column":2},"end":{"line":6,"column":3}},"loc":{"start":{"line":6,"column":23},"end":{"line":11,"column":3}},"line":6},"1":{"name":"(anonymous_1)","decl":{"start":{"line":12,"column":2},"end":{"line":12,"column":3}},"loc":{"start":{"line":12,"column":23},"end":{"line":18,"column":3}},"line":12},"2":{"name":"(anonymous_2)","decl":{"start":{"line":14,"column":23},"end":{"line":14,"column":24}},"loc":{"start":{"line":14,"column":34},"end":{"line":16,"column":7}},"line":14},"3":{"name":"(anonymous_3)","decl":{"start":{"line":19,"column":2},"end":{"line":19,"column":3}},"loc":{"start":{"line":19,"column":22},"end":{"line":21,"column":3}},"line":19},"4":{"name":"(anonymous_4)","decl":{"start":{"line":22,"column":2},"end":{"line":22,"column":3}},"loc":{"start":{"line":22,"column":27},"end":{"line":31,"column":3}},"line":22},"5":{"name":"(anonymous_5)","decl":{"start":{"line":32,"column":2},"end":{"line":32,"column":3}},"loc":{"start":{"line":32,"column":17},"end":{"line":48,"column":3}},"line":32},"6":{"name":"(anonymous_6)","decl":{"start":{"line":36,"column":17},"end":{"line":36,"column":18}},"loc":{"start":{"line":36,"column":23},"end":{"line":43,"column":9}},"line":36},"7":{"name":"(anonymous_7)","decl":{"start":{"line":50,"column":2},"end":{"line":50,"column":3}},"loc":{"start":{"line":50,"column":18},"end":{"line":61,"column":3}},"line":50},"8":{"name":"(anonymous_8)","decl":{"start":{"line":54,"column":17},"end":{"line":54,"column":18}},"loc":{"start":{"line":54,"column":23},"end":{"line":56,"column":9}},"line":54},"9":{"name":"(anonymous_9)","decl":{"start":{"line":63,"column":2},"end":{"line":63,"column":3}},"loc":{"start":{"line":63,"column":11},"end":{"line":113,"column":3}},"line":63},"10":{"name":"(anonymous_10)","decl":{"start":{"line":66,"column":31},"end":{"line":66,"column":32}},"loc":{"start":{"line":67,"column":6},"end":{"line":100,"column":12}},"line":67}},"branchMap":{"0":{"loc":{"start":{"line":37,"column":10},"end":{"line":41,"column":11}},"type":"if","locations":[{"start":{"line":37,"column":10},"end":{"line":41,"column":11}},{"start":{"line":37,"column":10},"end":{"line":41,"column":11}}],"line":37},"1":{"loc":{"start":{"line":45,"column":9},"end":{"line":45,"column":58}},"type":"cond-expr","locations":[{"start":{"line":45,"column":24},"end":{"line":45,"column":39}},{"start":{"line":45,"column":42},"end":{"line":45,"column":58}}],"line":45},"2":{"loc":{"start":{"line":55,"column":10},"end":{"line":55,"column":64}},"type":"cond-expr","locations":[{"start":{"line":55,"column":26},"end":{"line":55,"column":57}},{"start":{"line":55,"column":60},"end":{"line":55,"column":64}}],"line":55},"3":{"loc":{"start":{"line":67,"column":6},"end":{"line":100,"column":12}},"type":"cond-expr","locations":[{"start":{"line":68,"column":10},"end":{"line":82,"column":11}},{"start":{"line":83,"column":11},"end":{"line":100,"column":11}}],"line":67}},"s":{"0":2,"1":2,"2":2,"3":2,"4":3,"5":2,"6":4,"7":4,"8":0,"9":0,"10":0,"11":0,"12":5,"13":5,"14":0,"15":5,"16":5,"17":5,"18":3,"19":5},"f":{"0":2,"1":2,"2":2,"3":3,"4":2,"5":4,"6":0,"7":5,"8":0,"9":5,"10":3},"b":{"0":[0,0],"1":[4,0],"2":[0,0],"3":[2,1]},"_coverageSchema":"332fd63041d2c1bcb487cc26dd0d5f7d97098a6c","hash":"df3abf3207713367f0199f0b66ba699179671a15"}
}
