TN:
SF:/home/ihab/Desktop/react/react/src/api.js
FN:5,(anonymous_0)
FN:10,(anonymous_1)
FN:13,(anonymous_2)
FN:17,(anonymous_3)
FN:23,(anonymous_4)
FN:35,(anonymous_5)
FNF:6
FNH:4
FNDA:2,(anonymous_0)
FNDA:0,(anonymous_1)
FNDA:2,(anonymous_2)
FNDA:9,(anonymous_3)
FNDA:2,(anonymous_4)
FNDA:0,(anonymous_5)
DA:6,2
DA:7,2
DA:8,2
DA:11,0
DA:14,2
DA:15,2
DA:18,9
DA:24,2
DA:25,0
DA:28,2
DA:29,2
DA:30,2
DA:31,2
DA:35,2
DA:36,0
LF:15
LH:12
BRDA:24,0,0,0
BRDA:24,0,1,2
BRF:2
BRH:1
end_of_record
TN:
SF:/home/ihab/Desktop/react/react/src/index.js
FN:4,_interopRequireDefault
FN:6,renderApp
FN:13,(anonymous_2)
FN:17,(anonymous_3)
FNF:4
FNH:0
FNDA:0,_interopRequireDefault
FNDA:0,renderApp
FNDA:0,(anonymous_2)
FNDA:0,(anonymous_3)
DA:1,0
DA:2,0
DA:3,0
DA:4,0
DA:7,0
DA:10,0
DA:12,0
DA:13,0
DA:14,0
DA:15,0
DA:17,0
LF:11
LH:0
BRDA:4,0,0,0
BRDA:4,0,1,0
BRDA:4,1,0,0
BRDA:4,1,1,0
BRDA:12,2,0,0
BRDA:12,2,1,0
BRDA:17,3,0,0
BRDA:17,3,1,0
BRF:8
BRH:0
end_of_record
TN:
SF:/home/ihab/Desktop/react/react/src/components/message-list.js
FN:6,(anonymous_0)
FN:12,(anonymous_1)
FN:14,(anonymous_2)
FN:19,(anonymous_3)
FN:22,(anonymous_4)
FN:32,(anonymous_5)
FN:36,(anonymous_6)
FN:50,(anonymous_7)
FN:54,(anonymous_8)
FN:63,(anonymous_9)
FN:66,(anonymous_10)
FNF:11
FNH:9
FNDA:2,(anonymous_0)
FNDA:2,(anonymous_1)
FNDA:2,(anonymous_2)
FNDA:3,(anonymous_3)
FNDA:2,(anonymous_4)
FNDA:4,(anonymous_5)
FNDA:0,(anonymous_6)
FNDA:5,(anonymous_7)
FNDA:0,(anonymous_8)
FNDA:5,(anonymous_9)
FNDA:3,(anonymous_10)
DA:7,2
DA:8,2
DA:13,2
DA:15,2
DA:20,3
DA:23,2
DA:33,4
DA:34,4
DA:37,0
DA:38,0
DA:40,0
DA:42,0
DA:51,5
DA:52,5
DA:55,0
DA:64,5
DA:65,5
DA:66,5
DA:67,3
DA:103,5
LF:20
LH:15
BRDA:37,0,0,0
BRDA:37,0,1,0
BRDA:45,1,0,4
BRDA:45,1,1,0
BRDA:55,2,0,0
BRDA:55,2,1,0
BRDA:67,3,0,2
BRDA:67,3,1,1
BRF:8
BRH:3
end_of_record
